The user aborted a request.

Retrying 1/3...
The user aborted a request.

Retrying 1/3...
The user aborted a request.

Retrying 2/3...
The user aborted a request.

Retrying 2/3...
The user aborted a request.

Retrying 3/3...
The user aborted a request.

Retrying 3/3...
AbortError: The user aborted a request.
    at abort (C:\Users\HP\Desktop\school_system\school-erp-platform-main\frontend\node_modules\next\dist\compiled\node-fetch\index.js:1:65594)
    at AbortSignal.abortAndFinalize (C:\Users\HP\Desktop\school_system\school-erp-platform-main\frontend\node_modules\next\dist\compiled\node-fetch\index.js:1:65814)
    at [nodejs.internal.kHybridDispatch] (node:internal/event_target:827:20)
    at AbortSignal.dispatchEvent (node:internal/event_target:762:26)
    at runAbort (node:internal/abort_controller:447:10)
    at abortSignal (node:internal/abort_controller:433:3)
    at AbortController.abort (node:internal/abort_controller:466:5)
    at Timeout.<anonymous> (C:\Users\HP\Desktop\school_system\school-erp-platform-main\frontend\node_modules\next\dist\compiled\@next\font\dist\google\fetch-css-from-google-fonts.js:44:47)
    at listOnTimeout (node:internal/timers:594:17)
    at process.processTimers (node:internal/timers:529:7) {
  type: 'aborted'
}
 ⨯ Failed to download `Cairo` from Google Fonts. Using fallback font instead.

Failed to fetch `Cairo` from Google Fonts.}
AbortError: The user aborted a request.
    at abort (C:\Users\HP\Desktop\school_system\school-erp-platform-main\frontend\node_modules\next\dist\compiled\node-fetch\index.js:1:65594)
    at AbortSignal.abortAndFinalize (C:\Users\HP\Desktop\school_system\school-erp-platform-main\frontend\node_modules\next\dist\compiled\node-fetch\index.js:1:65814)
    at [nodejs.internal.kHybridDispatch] (node:internal/event_target:827:20)
    at AbortSignal.dispatchEvent (node:internal/event_target:762:26)
    at runAbort (node:internal/abort_controller:447:10)
    at abortSignal (node:internal/abort_controller:433:3)
    at AbortController.abort (node:internal/abort_controller:466:5)
    at Timeout.<anonymous> (C:\Users\HP\Desktop\school_system\school-erp-platform-main\frontend\node_modules\next\dist\compiled\@next\font\dist\google\fetch-css-from-google-fonts.js:44:47)
    at listOnTimeout (node:internal/timers:594:17)
    at process.processTimers (node:internal/timers:529:7) {
  type: 'aborted'
}
 ⨯ Failed to download `JetBrains Mono` from Google Fonts. Using fallback font instead.

Failed to fetch `JetBrains Mono` from Google Fonts.}
