node:net:1937
    const ex = new UVExceptionWithHostPort(err, 'listen', address, port);
               ^

Error: listen EADDRINUSE: address already in use :::3000
    at Server.setupListenHandle [as _listen2] (node:net:1937:16)
    at listenInCluster (node:net:1994:12)
    at Server.listen (node:net:2099:7)
    at ExpressAdapter.listen (C:\Users\HP\Desktop\school_system\school-erp-platform-main\backend\node_modules\@nestjs\platform-express\adapters\express-adapter.js:127:32)
    at C:\Users\HP\Desktop\school_system\school-erp-platform-main\backend\node_modules\@nestjs\core\nest-application.js:188:30
    at new Promise (<anonymous>)
    at NestApplication.listen (C:\Users\HP\Desktop\school_system\school-erp-platform-main\backend\node_modules\@nestjs\core\nest-application.js:178:16)
    at async bootstrap (C:\Users\HP\Desktop\school_system\school-erp-platform-main\backend\src\main.ts:59:3) {
  code: 'EADDRINUSE',
  errno: -4091,
  syscall: 'listen',
  address: '::',
  port: 3000
}

Node.js v22.14.0
ERROR: The process "20448" not found.
ERROR: The process "20448" not found.
node:child_process:957
    throw err;
    ^

Error: Command failed: taskkill /pid 20448 /T /F
ERROR: The process "20448" not found.

    at genericNodeError (node:internal/errors:983:15)
    at wrappedFn (node:internal/errors:537:14)
    at checkExecSyncError (node:child_process:882:11)
    at execSync (node:child_process:954:15)
    at treeKillSync (C:\Users\HP\Desktop\school_system\school-erp-platform-main\backend\node_modules\@nestjs\cli\lib\utils\tree-kill.js:7:38)
    at C:\Users\HP\Desktop\school_system\school-erp-platform-main\backend\node_modules\@nestjs\cli\actions\start.action.js:68:46
    at Object.onWatchStatusChange (C:\Users\HP\Desktop\school_system\school-erp-platform-main\backend\node_modules\@nestjs\cli\lib\compiler\watch-compiler.js:83:17)
    at C:\Users\HP\Desktop\school_system\school-erp-platform-main\backend\node_modules\typescript\lib\typescript.js:133916:30
    at emitFilesAndReportErrors (C:\Users\HP\Desktop\school_system\school-erp-platform-main\backend\node_modules\typescript\lib\typescript.js:133737:5)
    at result.afterProgramCreate (C:\Users\HP\Desktop\school_system\school-erp-platform-main\backend\node_modules\typescript\lib\typescript.js:133912:5) {
  status: 128,
  signal: null,
  output: [
    null,
    Buffer(0) [Uint8Array] [],
    Buffer(39) [Uint8Array] [
       69,  82,  82,  79,  82,  58,  32,  84, 104,
      101,  32, 112, 114, 111,  99, 101, 115, 115,
       32,  34,  50,  48,  52,  52,  56,  34,  32,
      110, 111, 116,  32, 102, 111, 117, 110, 100,
       46,  13,  10
    ]
  ],
  pid: 21324,
  stdout: Buffer(0) [Uint8Array] [],
  stderr: Buffer(39) [Uint8Array] [
     69,  82,  82,  79,  82,  58,  32,  84, 104,
    101,  32, 112, 114, 111,  99, 101, 115, 115,
     32,  34,  50,  48,  52,  52,  56,  34,  32,
    110, 111, 116,  32, 102, 111, 117, 110, 100,
     46,  13,  10
  ]
}

Node.js v22.14.0
